[16:46:57] HANDLER: pid=675188 execve detected, initial=0, detached=0, redirected=0, post_redirect=0
[16:46:57] HANDLER: Allowing main process 675188 initial execve without validation
[16:46:57] PARENT: pid=675188 (/usr/bin/bash) fork/clone, resuming child 675189
[16:46:57] HANDLER: pid=675189 execve detected, initial=0, detached=0, redirected=0, post_redirect=0
[16:46:57] DFA: command='lesspipe' result=ASK
[16:46:57] HANDLER: pid=675189 DFA result=2, asking server for decision on 'lesspipe'
[16:46:59] JUDGE: ALLOW for 'lesspipe'
[16:46:59] JUDGE: pid=675189 command='lesspipe' decision=0
[16:46:59] HANDLER: pid=675189 server allowed command 'lesspipe', continuing to trace
[16:46:59] PARENT: pid=675189 (/usr/bin/dash) fork/clone, resuming child 675230
[16:46:59] HANDLER: pid=675230 execve detected, initial=0, detached=0, redirected=0, post_redirect=0
[16:46:59] DFA: command='basename /usr/bin/lesspipe' result=ASK
[16:46:59] HANDLER: pid=675230 DFA result=2, asking server for decision on 'basename /usr/bin/lesspipe'
[16:47:00] JUDGE: ALLOW for 'basename /usr/bin/lesspipe'
[16:47:00] JUDGE: pid=675230 command='basename /usr/bin/lesspipe' decision=0
[16:47:00] HANDLER: pid=675230 server allowed command 'basename /usr/bin/lesspipe', continuing to trace
[16:47:00] PARENT: pid=675189 (/usr/bin/dash) fork/clone, resuming child 675249
[16:47:00] PARENT: pid=675249 (/usr/bin/dash) fork/clone, resuming child 675250
[16:47:00] HANDLER: pid=675250 execve detected, initial=0, detached=0, redirected=0, post_redirect=0
[16:47:00] DFA: command='dirname /usr/bin/lesspipe' result=ASK
[16:47:00] HANDLER: pid=675250 DFA result=2, asking server for decision on 'dirname /usr/bin/lesspipe'
[16:47:01] JUDGE: ALLOW for 'dirname /usr/bin/lesspipe'
[16:47:01] JUDGE: pid=675250 command='dirname /usr/bin/lesspipe' decision=0
[16:47:01] HANDLER: pid=675250 server allowed command 'dirname /usr/bin/lesspipe', continuing to trace
[16:47:01] PARENT: pid=675188 (/usr/bin/bash) fork/clone, resuming child 675257
[16:47:01] HANDLER: pid=675257 execve detected, initial=0, detached=0, redirected=0, post_redirect=0
[16:47:01] DFA: command='dircolors -b' result=ASK
[16:47:01] HANDLER: pid=675257 DFA result=2, asking server for decision on 'dircolors -b'
[16:47:01] JUDGE: ALLOW for 'dircolors -b'
[16:47:01] JUDGE: pid=675257 command='dircolors -b' decision=0
[16:47:01] HANDLER: pid=675257 server allowed command 'dircolors -b', continuing to trace
[16:47:01] PARENT: pid=675188 (/usr/bin/bash) fork/clone, resuming child 675271
[16:47:10] PARENT: pid=675188 (/usr/bin/bash) fork/clone, resuming child 675331
[16:47:10] HANDLER: pid=675331 execve detected, initial=0, detached=0, redirected=0, post_redirect=0
[16:47:10] DFA: command='npm exec tsx /home/panz/github_clones/pi-mono/packages/coding-agent/src/cli.ts' result=ASK
[16:47:10] HANDLER: pid=675331 DFA result=2, asking server for decision on 'npm exec tsx /home/panz/github_clones/pi-mono/packages/coding-agent/src/cli.ts'
[16:47:11] JUDGE: ALLOW for 'npm exec tsx /home/panz/github_clones/pi-mono/packages/coding-agent/src/cli.ts'
[16:47:11] JUDGE: pid=675331 command='npm exec tsx /home/panz/github_clones/pi-mono/packages/coding-agent/src/cli.ts' decision=0
[16:47:11] HANDLER: pid=675331 server allowed command 'npm exec tsx /home/panz/github_clones/pi-mono/packages/coding-agent/src/cli.ts', continuing to trace
[16:47:11] HANDLER: pid=675331 execve detected, initial=1, detached=0, redirected=0, post_redirect=0
[16:47:11] DFA: command='node /usr/bin/npm exec tsx /home/panz/github_clones/pi-mono/packages/coding-agent/src/cli.ts' result=ASK
[16:47:11] HANDLER: pid=675331 DFA result=2, asking server for decision on 'node /usr/bin/npm exec tsx /home/panz/github_clones/pi-mono/packages/coding-agent/src/cli.ts'
[16:47:12] JUDGE: ALLOW for 'node /usr/bin/npm exec tsx /home/panz/github_clones/pi-mono/packages/coding-agent/src/cli.ts'
[16:47:12] JUDGE: pid=675331 command='node /usr/bin/npm exec tsx /home/panz/github_clones/pi-mono/packages/coding-agent/src/cli.ts' decision=0
[16:47:12] HANDLER: pid=675331 server allowed command 'node /usr/bin/npm exec tsx /home/panz/github_clones/pi-mono/packages/coding-agent/src/cli.ts', continuing to trace
[16:47:12] HANDLER: pid=675331 execve detected, initial=1, detached=0, redirected=0, post_redirect=0
[16:47:12] DFA: command='node /usr/bin/npm exec tsx /home/panz/github_clones/pi-mono/packages/coding-agent/src/cli.ts' result=ASK
[16:47:12] HANDLER: pid=675331 DFA result=2, asking server for decision on 'node /usr/bin/npm exec tsx /home/panz/github_clones/pi-mono/packages/coding-agent/src/cli.ts'
[16:47:12] JUDGE: ALLOW for 'node /usr/bin/npm exec tsx /home/panz/github_clones/pi-mono/packages/coding-agent/src/cli.ts'
[16:47:12] JUDGE: pid=675331 command='node /usr/bin/npm exec tsx /home/panz/github_clones/pi-mono/packages/coding-agent/src/cli.ts' decision=0
[16:47:12] HANDLER: pid=675331 server allowed command 'node /usr/bin/npm exec tsx /home/panz/github_clones/pi-mono/packages/coding-agent/src/cli.ts', continuing to trace
[16:47:12] HANDLER: pid=675331 execve detected, initial=1, detached=0, redirected=0, post_redirect=0
[16:47:12] DFA: command='node /usr/bin/npm exec tsx /home/panz/github_clones/pi-mono/packages/coding-agent/src/cli.ts' result=ASK
[16:47:12] HANDLER: pid=675331 DFA result=2, asking server for decision on 'node /usr/bin/npm exec tsx /home/panz/github_clones/pi-mono/packages/coding-agent/src/cli.ts'
[16:47:14] JUDGE: ALLOW for 'node /usr/bin/npm exec tsx /home/panz/github_clones/pi-mono/packages/coding-agent/src/cli.ts'
[16:47:14] JUDGE: pid=675331 command='node /usr/bin/npm exec tsx /home/panz/github_clones/pi-mono/packages/coding-agent/src/cli.ts' decision=0
[16:47:14] HANDLER: pid=675331 server allowed command 'node /usr/bin/npm exec tsx /home/panz/github_clones/pi-mono/packages/coding-agent/src/cli.ts', continuing to trace
[16:47:14] HANDLER: pid=675331 execve detected, initial=1, detached=0, redirected=0, post_redirect=0
[16:47:14] DFA: command='node /usr/bin/npm exec tsx /home/panz/github_clones/pi-mono/packages/coding-agent/src/cli.ts' result=ASK
[16:47:14] HANDLER: pid=675331 DFA result=2, asking server for decision on 'node /usr/bin/npm exec tsx /home/panz/github_clones/pi-mono/packages/coding-agent/src/cli.ts'
[16:47:14] JUDGE: ALLOW for 'node /usr/bin/npm exec tsx /home/panz/github_clones/pi-mono/packages/coding-agent/src/cli.ts'
[16:47:14] JUDGE: pid=675331 command='node /usr/bin/npm exec tsx /home/panz/github_clones/pi-mono/packages/coding-agent/src/cli.ts' decision=0
[16:47:14] HANDLER: pid=675331 server allowed command 'node /usr/bin/npm exec tsx /home/panz/github_clones/pi-mono/packages/coding-agent/src/cli.ts', continuing to trace
[16:47:14] HANDLER: pid=675331 execve detected, initial=1, detached=0, redirected=0, post_redirect=0
[16:47:14] DFA: command='node /usr/bin/npm exec tsx /home/panz/github_clones/pi-mono/packages/coding-agent/src/cli.ts' result=ASK
[16:47:14] HANDLER: pid=675331 DFA result=2, asking server for decision on 'node /usr/bin/npm exec tsx /home/panz/github_clones/pi-mono/packages/coding-agent/src/cli.ts'
[16:47:15] JUDGE: ALLOW for 'node /usr/bin/npm exec tsx /home/panz/github_clones/pi-mono/packages/coding-agent/src/cli.ts'
[16:47:15] JUDGE: pid=675331 command='node /usr/bin/npm exec tsx /home/panz/github_clones/pi-mono/packages/coding-agent/src/cli.ts' decision=0
[16:47:15] HANDLER: pid=675331 server allowed command 'node /usr/bin/npm exec tsx /home/panz/github_clones/pi-mono/packages/coding-agent/src/cli.ts', continuing to trace
[16:47:15] HANDLER: pid=675331 execve detected, initial=1, detached=0, redirected=0, post_redirect=0
[16:47:15] DFA: command='node /usr/bin/npm exec tsx /home/panz/github_clones/pi-mono/packages/coding-agent/src/cli.ts' result=ASK
[16:47:15] HANDLER: pid=675331 DFA result=2, asking server for decision on 'node /usr/bin/npm exec tsx /home/panz/github_clones/pi-mono/packages/coding-agent/src/cli.ts'
[16:47:16] JUDGE: ALLOW for 'node /usr/bin/npm exec tsx /home/panz/github_clones/pi-mono/packages/coding-agent/src/cli.ts'
[16:47:16] JUDGE: pid=675331 command='node /usr/bin/npm exec tsx /home/panz/github_clones/pi-mono/packages/coding-agent/src/cli.ts' decision=0
[16:47:16] HANDLER: pid=675331 server allowed command 'node /usr/bin/npm exec tsx /home/panz/github_clones/pi-mono/packages/coding-agent/src/cli.ts', continuing to trace
[16:47:16] HANDLER: pid=675331 execve detected, initial=1, detached=0, redirected=0, post_redirect=0
[16:47:16] DFA: command='node /usr/bin/npm exec tsx /home/panz/github_clones/pi-mono/packages/coding-agent/src/cli.ts' result=ASK
[16:47:16] HANDLER: pid=675331 DFA result=2, asking server for decision on 'node /usr/bin/npm exec tsx /home/panz/github_clones/pi-mono/packages/coding-agent/src/cli.ts'
[16:47:16] JUDGE: ALLOW for 'node /usr/bin/npm exec tsx /home/panz/github_clones/pi-mono/packages/coding-agent/src/cli.ts'
[16:47:16] JUDGE: pid=675331 command='node /usr/bin/npm exec tsx /home/panz/github_clones/pi-mono/packages/coding-agent/src/cli.ts' decision=0
[16:47:16] HANDLER: pid=675331 server allowed command 'node /usr/bin/npm exec tsx /home/panz/github_clones/pi-mono/packages/coding-agent/src/cli.ts', continuing to trace
[16:47:16] HANDLER: pid=675331 execve detected, initial=1, detached=0, redirected=0, post_redirect=0
[16:47:16] DFA: command='node /usr/bin/npm exec tsx /home/panz/github_clones/pi-mono/packages/coding-agent/src/cli.ts' result=ASK
[16:47:16] HANDLER: pid=675331 DFA result=2, asking server for decision on 'node /usr/bin/npm exec tsx /home/panz/github_clones/pi-mono/packages/coding-agent/src/cli.ts'
[16:47:17] JUDGE: ALLOW for 'node /usr/bin/npm exec tsx /home/panz/github_clones/pi-mono/packages/coding-agent/src/cli.ts'
[16:47:17] JUDGE: pid=675331 command='node /usr/bin/npm exec tsx /home/panz/github_clones/pi-mono/packages/coding-agent/src/cli.ts' decision=0
[16:47:17] HANDLER: pid=675331 server allowed command 'node /usr/bin/npm exec tsx /home/panz/github_clones/pi-mono/packages/coding-agent/src/cli.ts', continuing to trace
[16:47:17] PARENT: pid=675331 (/usr/bin/node) fork/clone, resuming child 675448
[16:47:17] PARENT: pid=675331 (/usr/bin/node) fork/clone, resuming child 675449
[16:47:17] PARENT: child 675449 SETOPTIONS failed: No such process
[16:47:17] PARENT: child 675449 already exited: No such process
[16:47:17] PARENT: pid=675331 (/usr/bin/node) fork/clone, resuming child 675450
[16:47:17] PARENT: child 675450 SETOPTIONS failed: No such process
[16:47:17] PARENT: pid=675331 (/usr/bin/node) fork/clone, resuming child 675451
[16:47:17] PARENT: pid=675331 (/usr/bin/node) fork/clone, resuming child 675452
[16:47:17] PARENT: pid=675331 (/usr/bin/node) fork/clone, resuming child 675453
[16:47:17] PARENT: pid=675331 (/usr/bin/node) fork/clone, resuming child 675461
[16:47:17] PARENT: pid=675331 (/usr/bin/node) fork/clone, resuming child 675462
[16:47:17] PARENT: pid=675331 (/usr/bin/node) fork/clone, resuming child 675463
[16:47:17] PARENT: pid=675331 (/usr/bin/node) fork/clone, resuming child 675464
[16:47:18] PARENT: pid=675331 (/usr/bin/node) fork/clone, resuming child 675465
[16:47:18] HANDLER: pid=675465 execve detected, initial=0, detached=0, redirected=0, post_redirect=0
[16:47:18] DFA: command='sh -c tsx /home/panz/github_clones/pi-mono/packages/coding-agent/src/cli.ts' result=ASK
[16:47:18] HANDLER: pid=675465 DFA result=2, asking server for decision on 'sh -c tsx /home/panz/github_clones/pi-mono/packages/coding-agent/src/cli.ts'
[16:47:20] JUDGE: ALLOW for 'sh -c tsx /home/panz/github_clones/pi-mono/packages/coding-agent/src/cli.ts'
[16:47:20] JUDGE: pid=675465 command='sh -c tsx /home/panz/github_clones/pi-mono/packages/coding-agent/src/cli.ts' decision=0
[16:47:20] HANDLER: pid=675465 server allowed command 'sh -c tsx /home/panz/github_clones/pi-mono/packages/coding-agent/src/cli.ts', continuing to trace
[16:47:20] HANDLER: pid=675465 execve detected, initial=1, detached=0, redirected=0, post_redirect=0
[16:47:20] DFA: command='sh -c tsx /home/panz/github_clones/pi-mono/packages/coding-agent/src/cli.ts' result=ASK
[16:47:20] HANDLER: pid=675465 DFA result=2, asking server for decision on 'sh -c tsx /home/panz/github_clones/pi-mono/packages/coding-agent/src/cli.ts'
[16:47:21] JUDGE: ALLOW for 'sh -c tsx /home/panz/github_clones/pi-mono/packages/coding-agent/src/cli.ts'
[16:47:21] JUDGE: pid=675465 command='sh -c tsx /home/panz/github_clones/pi-mono/packages/coding-agent/src/cli.ts' decision=0
[16:47:21] HANDLER: pid=675465 server allowed command 'sh -c tsx /home/panz/github_clones/pi-mono/packages/coding-agent/src/cli.ts', continuing to trace
[16:47:21] HANDLER: pid=675465 execve detected, initial=1, detached=0, redirected=0, post_redirect=0
[16:47:21] DFA: command='sh -c tsx /home/panz/github_clones/pi-mono/packages/coding-agent/src/cli.ts' result=ASK
[16:47:21] HANDLER: pid=675465 DFA result=2, asking server for decision on 'sh -c tsx /home/panz/github_clones/pi-mono/packages/coding-agent/src/cli.ts'
[16:47:22] JUDGE: ALLOW for 'sh -c tsx /home/panz/github_clones/pi-mono/packages/coding-agent/src/cli.ts'
[16:47:22] JUDGE: pid=675465 command='sh -c tsx /home/panz/github_clones/pi-mono/packages/coding-agent/src/cli.ts' decision=0
[16:47:22] HANDLER: pid=675465 server allowed command 'sh -c tsx /home/panz/github_clones/pi-mono/packages/coding-agent/src/cli.ts', continuing to trace
[16:47:22] HANDLER: pid=675465 execve detected, initial=1, detached=0, redirected=0, post_redirect=0
[16:47:22] DFA: command='sh -c tsx /home/panz/github_clones/pi-mono/packages/coding-agent/src/cli.ts' result=ASK
[16:47:22] HANDLER: pid=675465 DFA result=2, asking server for decision on 'sh -c tsx /home/panz/github_clones/pi-mono/packages/coding-agent/src/cli.ts'
[16:47:22] JUDGE: ALLOW for 'sh -c tsx /home/panz/github_clones/pi-mono/packages/coding-agent/src/cli.ts'
[16:47:22] JUDGE: pid=675465 command='sh -c tsx /home/panz/github_clones/pi-mono/packages/coding-agent/src/cli.ts' decision=0
[16:47:22] HANDLER: pid=675465 server allowed command 'sh -c tsx /home/panz/github_clones/pi-mono/packages/coding-agent/src/cli.ts', continuing to trace
[16:47:22] HANDLER: pid=675465 execve detected, initial=1, detached=0, redirected=0, post_redirect=0
[16:47:22] DFA: command='sh -c tsx /home/panz/github_clones/pi-mono/packages/coding-agent/src/cli.ts' result=ASK
[16:47:22] HANDLER: pid=675465 DFA result=2, asking server for decision on 'sh -c tsx /home/panz/github_clones/pi-mono/packages/coding-agent/src/cli.ts'
[16:47:23] JUDGE: ALLOW for 'sh -c tsx /home/panz/github_clones/pi-mono/packages/coding-agent/src/cli.ts'
[16:47:23] JUDGE: pid=675465 command='sh -c tsx /home/panz/github_clones/pi-mono/packages/coding-agent/src/cli.ts' decision=0
[16:47:23] HANDLER: pid=675465 server allowed command 'sh -c tsx /home/panz/github_clones/pi-mono/packages/coding-agent/src/cli.ts', continuing to trace
[16:47:23] HANDLER: pid=675465 execve detected, initial=1, detached=0, redirected=0, post_redirect=0
[16:47:23] DFA: command='sh -c tsx /home/panz/github_clones/pi-mono/packages/coding-agent/src/cli.ts' result=ASK
[16:47:23] HANDLER: pid=675465 DFA result=2, asking server for decision on 'sh -c tsx /home/panz/github_clones/pi-mono/packages/coding-agent/src/cli.ts'
[16:47:24] JUDGE: ALLOW for 'sh -c tsx /home/panz/github_clones/pi-mono/packages/coding-agent/src/cli.ts'
[16:47:24] JUDGE: pid=675465 command='sh -c tsx /home/panz/github_clones/pi-mono/packages/coding-agent/src/cli.ts' decision=0
[16:47:24] HANDLER: pid=675465 server allowed command 'sh -c tsx /home/panz/github_clones/pi-mono/packages/coding-agent/src/cli.ts', continuing to trace
[16:47:24] HANDLER: pid=675465 execve detected, initial=1, detached=0, redirected=0, post_redirect=0
[16:47:24] DFA: command='sh -c tsx /home/panz/github_clones/pi-mono/packages/coding-agent/src/cli.ts' result=ASK
[16:47:24] HANDLER: pid=675465 DFA result=2, asking server for decision on 'sh -c tsx /home/panz/github_clones/pi-mono/packages/coding-agent/src/cli.ts'
[16:47:25] JUDGE: ALLOW for 'sh -c tsx /home/panz/github_clones/pi-mono/packages/coding-agent/src/cli.ts'
[16:47:25] JUDGE: pid=675465 command='sh -c tsx /home/panz/github_clones/pi-mono/packages/coding-agent/src/cli.ts' decision=0
[16:47:25] HANDLER: pid=675465 server allowed command 'sh -c tsx /home/panz/github_clones/pi-mono/packages/coding-agent/src/cli.ts', continuing to trace
[16:47:25] HANDLER: pid=675465 execve detected, initial=1, detached=0, redirected=0, post_redirect=0
[16:47:25] DFA: command='sh -c tsx /home/panz/github_clones/pi-mono/packages/coding-agent/src/cli.ts' result=ASK
[16:47:25] HANDLER: pid=675465 DFA result=2, asking server for decision on 'sh -c tsx /home/panz/github_clones/pi-mono/packages/coding-agent/src/cli.ts'
[16:47:26] JUDGE: ALLOW for 'sh -c tsx /home/panz/github_clones/pi-mono/packages/coding-agent/src/cli.ts'
[16:47:26] JUDGE: pid=675465 command='sh -c tsx /home/panz/github_clones/pi-mono/packages/coding-agent/src/cli.ts' decision=0
[16:47:26] HANDLER: pid=675465 server allowed command 'sh -c tsx /home/panz/github_clones/pi-mono/packages/coding-agent/src/cli.ts', continuing to trace
[16:47:26] HANDLER: pid=675465 execve detected, initial=1, detached=0, redirected=0, post_redirect=0
[16:47:26] DFA: command='sh -c tsx /home/panz/github_clones/pi-mono/packages/coding-agent/src/cli.ts' result=ASK
[16:47:26] HANDLER: pid=675465 DFA result=2, asking server for decision on 'sh -c tsx /home/panz/github_clones/pi-mono/packages/coding-agent/src/cli.ts'
[16:47:28] JUDGE: Unknown response for 'sh -c tsx /home/panz/github_clones/pi-mono/packages/coding-agent/src/cli.ts': readonlybox: server error: failed to read response header: EOF

[16:47:28] JUDGE: pid=675465 command='sh -c tsx /home/panz/github_clones/pi-mono/packages/coding-agent/src/cli.ts' decision=-1
[16:47:28] HANDLER: pid=675465 server denied command 'sh -c tsx /home/panz/github_clones/pi-mono/packages/coding-agent/src/cli.ts', blocking
[16:47:36] PARENT: pid=675188 (/usr/bin/bash) fork/clone, resuming child 675679
[16:47:36] HANDLER: pid=675679 execve detected, initial=0, detached=0, redirected=0, post_redirect=0
[16:47:36] DFA: command='npm exec tsx /home/panz/github_clones/pi-mono/packages/coding-agent/src/cli.ts' result=ASK
[16:47:36] HANDLER: pid=675679 DFA result=2, asking server for decision on 'npm exec tsx /home/panz/github_clones/pi-mono/packages/coding-agent/src/cli.ts'
[16:47:40] JUDGE: ALLOW for 'npm exec tsx /home/panz/github_clones/pi-mono/packages/coding-agent/src/cli.ts'
[16:47:40] JUDGE: pid=675679 command='npm exec tsx /home/panz/github_clones/pi-mono/packages/coding-agent/src/cli.ts' decision=0
[16:47:40] HANDLER: pid=675679 server allowed command 'npm exec tsx /home/panz/github_clones/pi-mono/packages/coding-agent/src/cli.ts', continuing to trace
[16:47:40] HANDLER: pid=675679 execve detected, initial=1, detached=0, redirected=0, post_redirect=0
[16:47:40] DFA: command='node /usr/bin/npm exec tsx /home/panz/github_clones/pi-mono/packages/coding-agent/src/cli.ts' result=ASK
[16:47:40] HANDLER: pid=675679 DFA result=2, asking server for decision on 'node /usr/bin/npm exec tsx /home/panz/github_clones/pi-mono/packages/coding-agent/src/cli.ts'
[16:47:41] JUDGE: ALLOW for 'node /usr/bin/npm exec tsx /home/panz/github_clones/pi-mono/packages/coding-agent/src/cli.ts'
[16:47:41] JUDGE: pid=675679 command='node /usr/bin/npm exec tsx /home/panz/github_clones/pi-mono/packages/coding-agent/src/cli.ts' decision=0
[16:47:41] HANDLER: pid=675679 server allowed command 'node /usr/bin/npm exec tsx /home/panz/github_clones/pi-mono/packages/coding-agent/src/cli.ts', continuing to trace
[16:47:41] HANDLER: pid=675679 execve detected, initial=1, detached=0, redirected=0, post_redirect=0
[16:47:41] DFA: command='node /usr/bin/npm exec tsx /home/panz/github_clones/pi-mono/packages/coding-agent/src/cli.ts' result=ASK
[16:47:41] HANDLER: pid=675679 DFA result=2, asking server for decision on 'node /usr/bin/npm exec tsx /home/panz/github_clones/pi-mono/packages/coding-agent/src/cli.ts'
[16:47:41] JUDGE: ALLOW for 'node /usr/bin/npm exec tsx /home/panz/github_clones/pi-mono/packages/coding-agent/src/cli.ts'
[16:47:41] JUDGE: pid=675679 command='node /usr/bin/npm exec tsx /home/panz/github_clones/pi-mono/packages/coding-agent/src/cli.ts' decision=0
[16:47:41] HANDLER: pid=675679 server allowed command 'node /usr/bin/npm exec tsx /home/panz/github_clones/pi-mono/packages/coding-agent/src/cli.ts', continuing to trace
[16:47:41] HANDLER: pid=675679 execve detected, initial=1, detached=0, redirected=0, post_redirect=0
[16:47:41] DFA: command='node /usr/bin/npm exec tsx /home/panz/github_clones/pi-mono/packages/coding-agent/src/cli.ts' result=ASK
[16:47:41] HANDLER: pid=675679 DFA result=2, asking server for decision on 'node /usr/bin/npm exec tsx /home/panz/github_clones/pi-mono/packages/coding-agent/src/cli.ts'
[16:47:42] JUDGE: ALLOW for 'node /usr/bin/npm exec tsx /home/panz/github_clones/pi-mono/packages/coding-agent/src/cli.ts'
[16:47:42] JUDGE: pid=675679 command='node /usr/bin/npm exec tsx /home/panz/github_clones/pi-mono/packages/coding-agent/src/cli.ts' decision=0
[16:47:42] HANDLER: pid=675679 server allowed command 'node /usr/bin/npm exec tsx /home/panz/github_clones/pi-mono/packages/coding-agent/src/cli.ts', continuing to trace
[16:47:42] HANDLER: pid=675679 execve detected, initial=1, detached=0, redirected=0, post_redirect=0
[16:47:42] DFA: command='node /usr/bin/npm exec tsx /home/panz/github_clones/pi-mono/packages/coding-agent/src/cli.ts' result=ASK
[16:47:42] HANDLER: pid=675679 DFA result=2, asking server for decision on 'node /usr/bin/npm exec tsx /home/panz/github_clones/pi-mono/packages/coding-agent/src/cli.ts'
[16:47:42] JUDGE: ALLOW for 'node /usr/bin/npm exec tsx /home/panz/github_clones/pi-mono/packages/coding-agent/src/cli.ts'
[16:47:42] JUDGE: pid=675679 command='node /usr/bin/npm exec tsx /home/panz/github_clones/pi-mono/packages/coding-agent/src/cli.ts' decision=0
[16:47:42] HANDLER: pid=675679 server allowed command 'node /usr/bin/npm exec tsx /home/panz/github_clones/pi-mono/packages/coding-agent/src/cli.ts', continuing to trace
[16:47:42] HANDLER: pid=675679 execve detected, initial=1, detached=0, redirected=0, post_redirect=0
[16:47:42] DFA: command='node /usr/bin/npm exec tsx /home/panz/github_clones/pi-mono/packages/coding-agent/src/cli.ts' result=ASK
[16:47:42] HANDLER: pid=675679 DFA result=2, asking server for decision on 'node /usr/bin/npm exec tsx /home/panz/github_clones/pi-mono/packages/coding-agent/src/cli.ts'
[16:47:43] JUDGE: ALLOW for 'node /usr/bin/npm exec tsx /home/panz/github_clones/pi-mono/packages/coding-agent/src/cli.ts'
[16:47:43] JUDGE: pid=675679 command='node /usr/bin/npm exec tsx /home/panz/github_clones/pi-mono/packages/coding-agent/src/cli.ts' decision=0
[16:47:43] HANDLER: pid=675679 server allowed command 'node /usr/bin/npm exec tsx /home/panz/github_clones/pi-mono/packages/coding-agent/src/cli.ts', continuing to trace
[16:47:43] HANDLER: pid=675679 execve detected, initial=1, detached=0, redirected=0, post_redirect=0
[16:47:43] DFA: command='node /usr/bin/npm exec tsx /home/panz/github_clones/pi-mono/packages/coding-agent/src/cli.ts' result=ASK
[16:47:43] HANDLER: pid=675679 DFA result=2, asking server for decision on 'node /usr/bin/npm exec tsx /home/panz/github_clones/pi-mono/packages/coding-agent/src/cli.ts'
[16:47:43] JUDGE: ALLOW for 'node /usr/bin/npm exec tsx /home/panz/github_clones/pi-mono/packages/coding-agent/src/cli.ts'
[16:47:43] JUDGE: pid=675679 command='node /usr/bin/npm exec tsx /home/panz/github_clones/pi-mono/packages/coding-agent/src/cli.ts' decision=0
[16:47:43] HANDLER: pid=675679 server allowed command 'node /usr/bin/npm exec tsx /home/panz/github_clones/pi-mono/packages/coding-agent/src/cli.ts', continuing to trace
[16:47:43] HANDLER: pid=675679 execve detected, initial=1, detached=0, redirected=0, post_redirect=0
[16:47:43] DFA: command='node /usr/bin/npm exec tsx /home/panz/github_clones/pi-mono/packages/coding-agent/src/cli.ts' result=ASK
[16:47:43] HANDLER: pid=675679 DFA result=2, asking server for decision on 'node /usr/bin/npm exec tsx /home/panz/github_clones/pi-mono/packages/coding-agent/src/cli.ts'
[16:47:44] JUDGE: ALLOW for 'node /usr/bin/npm exec tsx /home/panz/github_clones/pi-mono/packages/coding-agent/src/cli.ts'
[16:47:44] JUDGE: pid=675679 command='node /usr/bin/npm exec tsx /home/panz/github_clones/pi-mono/packages/coding-agent/src/cli.ts' decision=0
[16:47:44] HANDLER: pid=675679 server allowed command 'node /usr/bin/npm exec tsx /home/panz/github_clones/pi-mono/packages/coding-agent/src/cli.ts', continuing to trace
[16:47:44] HANDLER: pid=675679 execve detected, initial=1, detached=0, redirected=0, post_redirect=0
[16:47:44] DFA: command='node /usr/bin/npm exec tsx /home/panz/github_clones/pi-mono/packages/coding-agent/src/cli.ts' result=ASK
[16:47:44] HANDLER: pid=675679 DFA result=2, asking server for decision on 'node /usr/bin/npm exec tsx /home/panz/github_clones/pi-mono/packages/coding-agent/src/cli.ts'
[16:47:44] JUDGE: ALLOW for 'node /usr/bin/npm exec tsx /home/panz/github_clones/pi-mono/packages/coding-agent/src/cli.ts'
[16:47:44] JUDGE: pid=675679 command='node /usr/bin/npm exec tsx /home/panz/github_clones/pi-mono/packages/coding-agent/src/cli.ts' decision=0
[16:47:44] HANDLER: pid=675679 server allowed command 'node /usr/bin/npm exec tsx /home/panz/github_clones/pi-mono/packages/coding-agent/src/cli.ts', continuing to trace
[16:47:44] PARENT: pid=675679 (/usr/bin/node) fork/clone, resuming child 675835
[16:47:44] PARENT: pid=675679 (/usr/bin/node) fork/clone, resuming child 675836
[16:47:44] PARENT: pid=675679 (/usr/bin/node) fork/clone, resuming child 675837
[16:47:44] PARENT: pid=675679 (/usr/bin/node) fork/clone, resuming child 675838
[16:47:44] PARENT: pid=675679 (/usr/bin/node) fork/clone, resuming child 675839
[16:47:44] PARENT: pid=675679 (/usr/bin/node) fork/clone, resuming child 675840
[16:47:45] PARENT: pid=675679 (/usr/bin/node) fork/clone, resuming child 675842
[16:47:45] PARENT: pid=675679 (/usr/bin/node) fork/clone, resuming child 675843
[16:47:45] PARENT: pid=675679 (/usr/bin/node) fork/clone, resuming child 675844
[16:47:45] PARENT: pid=675679 (/usr/bin/node) fork/clone, resuming child 675845
[16:47:45] PARENT: pid=675679 (/usr/bin/node) fork/clone, resuming child 675853
[16:47:45] HANDLER: pid=675853 execve detected, initial=0, detached=0, redirected=0, post_redirect=0
[16:47:45] DFA: command='sh -c tsx /home/panz/github_clones/pi-mono/packages/coding-agent/src/cli.ts' result=ASK
[16:47:45] HANDLER: pid=675853 DFA result=2, asking server for decision on 'sh -c tsx /home/panz/github_clones/pi-mono/packages/coding-agent/src/cli.ts'
[16:47:47] JUDGE: ALLOW for 'sh -c tsx /home/panz/github_clones/pi-mono/packages/coding-agent/src/cli.ts'
[16:47:47] JUDGE: pid=675853 command='sh -c tsx /home/panz/github_clones/pi-mono/packages/coding-agent/src/cli.ts' decision=0
[16:47:47] HANDLER: pid=675853 server allowed command 'sh -c tsx /home/panz/github_clones/pi-mono/packages/coding-agent/src/cli.ts', continuing to trace
[16:47:47] HANDLER: pid=675853 execve detected, initial=1, detached=0, redirected=0, post_redirect=0
[16:47:47] DFA: command='sh -c tsx /home/panz/github_clones/pi-mono/packages/coding-agent/src/cli.ts' result=ASK
[16:47:47] HANDLER: pid=675853 DFA result=2, asking server for decision on 'sh -c tsx /home/panz/github_clones/pi-mono/packages/coding-agent/src/cli.ts'
[16:47:47] JUDGE: ALLOW for 'sh -c tsx /home/panz/github_clones/pi-mono/packages/coding-agent/src/cli.ts'
[16:47:47] JUDGE: pid=675853 command='sh -c tsx /home/panz/github_clones/pi-mono/packages/coding-agent/src/cli.ts' decision=0
[16:47:47] HANDLER: pid=675853 server allowed command 'sh -c tsx /home/panz/github_clones/pi-mono/packages/coding-agent/src/cli.ts', continuing to trace
[16:47:47] HANDLER: pid=675853 execve detected, initial=1, detached=0, redirected=0, post_redirect=0
[16:47:47] DFA: command='sh -c tsx /home/panz/github_clones/pi-mono/packages/coding-agent/src/cli.ts' result=ASK
[16:47:47] HANDLER: pid=675853 DFA result=2, asking server for decision on 'sh -c tsx /home/panz/github_clones/pi-mono/packages/coding-agent/src/cli.ts'
[16:47:48] JUDGE: ALLOW for 'sh -c tsx /home/panz/github_clones/pi-mono/packages/coding-agent/src/cli.ts'
[16:47:48] JUDGE: pid=675853 command='sh -c tsx /home/panz/github_clones/pi-mono/packages/coding-agent/src/cli.ts' decision=0
[16:47:48] HANDLER: pid=675853 server allowed command 'sh -c tsx /home/panz/github_clones/pi-mono/packages/coding-agent/src/cli.ts', continuing to trace
[16:47:48] HANDLER: pid=675853 execve detected, initial=1, detached=0, redirected=0, post_redirect=0
[16:47:48] DFA: command='sh -c tsx /home/panz/github_clones/pi-mono/packages/coding-agent/src/cli.ts' result=ASK
[16:47:48] HANDLER: pid=675853 DFA result=2, asking server for decision on 'sh -c tsx /home/panz/github_clones/pi-mono/packages/coding-agent/src/cli.ts'
[16:47:49] JUDGE: ALLOW for 'sh -c tsx /home/panz/github_clones/pi-mono/packages/coding-agent/src/cli.ts'
[16:47:49] JUDGE: pid=675853 command='sh -c tsx /home/panz/github_clones/pi-mono/packages/coding-agent/src/cli.ts' decision=0
[16:47:49] HANDLER: pid=675853 server allowed command 'sh -c tsx /home/panz/github_clones/pi-mono/packages/coding-agent/src/cli.ts', continuing to trace
[16:47:49] HANDLER: pid=675853 execve detected, initial=1, detached=0, redirected=0, post_redirect=0
[16:47:49] DFA: command='sh -c tsx /home/panz/github_clones/pi-mono/packages/coding-agent/src/cli.ts' result=ASK
[16:47:49] HANDLER: pid=675853 DFA result=2, asking server for decision on 'sh -c tsx /home/panz/github_clones/pi-mono/packages/coding-agent/src/cli.ts'
[16:47:49] JUDGE: ALLOW for 'sh -c tsx /home/panz/github_clones/pi-mono/packages/coding-agent/src/cli.ts'
[16:47:49] JUDGE: pid=675853 command='sh -c tsx /home/panz/github_clones/pi-mono/packages/coding-agent/src/cli.ts' decision=0
[16:47:49] HANDLER: pid=675853 server allowed command 'sh -c tsx /home/panz/github_clones/pi-mono/packages/coding-agent/src/cli.ts', continuing to trace
[16:47:49] HANDLER: pid=675853 execve detected, initial=1, detached=0, redirected=0, post_redirect=0
[16:47:49] DFA: command='sh -c tsx /home/panz/github_clones/pi-mono/packages/coding-agent/src/cli.ts' result=ASK
[16:47:49] HANDLER: pid=675853 DFA result=2, asking server for decision on 'sh -c tsx /home/panz/github_clones/pi-mono/packages/coding-agent/src/cli.ts'
[16:47:50] JUDGE: ALLOW for 'sh -c tsx /home/panz/github_clones/pi-mono/packages/coding-agent/src/cli.ts'
[16:47:50] JUDGE: pid=675853 command='sh -c tsx /home/panz/github_clones/pi-mono/packages/coding-agent/src/cli.ts' decision=0
[16:47:50] HANDLER: pid=675853 server allowed command 'sh -c tsx /home/panz/github_clones/pi-mono/packages/coding-agent/src/cli.ts', continuing to trace
[16:47:50] HANDLER: pid=675853 execve detected, initial=1, detached=0, redirected=0, post_redirect=0
[16:47:50] DFA: command='sh -c tsx /home/panz/github_clones/pi-mono/packages/coding-agent/src/cli.ts' result=ASK
[16:47:50] HANDLER: pid=675853 DFA result=2, asking server for decision on 'sh -c tsx /home/panz/github_clones/pi-mono/packages/coding-agent/src/cli.ts'
[16:47:51] JUDGE: ALLOW for 'sh -c tsx /home/panz/github_clones/pi-mono/packages/coding-agent/src/cli.ts'
[16:47:51] JUDGE: pid=675853 command='sh -c tsx /home/panz/github_clones/pi-mono/packages/coding-agent/src/cli.ts' decision=0
[16:47:51] HANDLER: pid=675853 server allowed command 'sh -c tsx /home/panz/github_clones/pi-mono/packages/coding-agent/src/cli.ts', continuing to trace
[16:47:51] HANDLER: pid=675853 execve detected, initial=1, detached=0, redirected=0, post_redirect=0
[16:47:51] DFA: command='sh -c tsx /home/panz/github_clones/pi-mono/packages/coding-agent/src/cli.ts' result=ASK
[16:47:51] HANDLER: pid=675853 DFA result=2, asking server for decision on 'sh -c tsx /home/panz/github_clones/pi-mono/packages/coding-agent/src/cli.ts'
[16:47:51] JUDGE: ALLOW for 'sh -c tsx /home/panz/github_clones/pi-mono/packages/coding-agent/src/cli.ts'
[16:47:51] JUDGE: pid=675853 command='sh -c tsx /home/panz/github_clones/pi-mono/packages/coding-agent/src/cli.ts' decision=0
[16:47:51] HANDLER: pid=675853 server allowed command 'sh -c tsx /home/panz/github_clones/pi-mono/packages/coding-agent/src/cli.ts', continuing to trace
[16:47:51] HANDLER: pid=675853 execve detected, initial=1, detached=0, redirected=0, post_redirect=0
[16:47:51] DFA: command='sh -c tsx /home/panz/github_clones/pi-mono/packages/coding-agent/src/cli.ts' result=ASK
[16:47:51] HANDLER: pid=675853 DFA result=2, asking server for decision on 'sh -c tsx /home/panz/github_clones/pi-mono/packages/coding-agent/src/cli.ts'
[16:47:52] JUDGE: ALLOW for 'sh -c tsx /home/panz/github_clones/pi-mono/packages/coding-agent/src/cli.ts'
[16:47:52] JUDGE: pid=675853 command='sh -c tsx /home/panz/github_clones/pi-mono/packages/coding-agent/src/cli.ts' decision=0
[16:47:52] HANDLER: pid=675853 server allowed command 'sh -c tsx /home/panz/github_clones/pi-mono/packages/coding-agent/src/cli.ts', continuing to trace
[16:47:52] HANDLER: pid=675853 execve detected, initial=1, detached=0, redirected=0, post_redirect=0
[16:47:52] DFA: command='sh -c tsx /home/panz/github_clones/pi-mono/packages/coding-agent/src/cli.ts' result=ASK
[16:47:52] HANDLER: pid=675853 DFA result=2, asking server for decision on 'sh -c tsx /home/panz/github_clones/pi-mono/packages/coding-agent/src/cli.ts'
[16:47:53] JUDGE: ALLOW for 'sh -c tsx /home/panz/github_clones/pi-mono/packages/coding-agent/src/cli.ts'
[16:47:53] JUDGE: pid=675853 command='sh -c tsx /home/panz/github_clones/pi-mono/packages/coding-agent/src/cli.ts' decision=0
[16:47:53] HANDLER: pid=675853 server allowed command 'sh -c tsx /home/panz/github_clones/pi-mono/packages/coding-agent/src/cli.ts', continuing to trace
[16:47:53] HANDLER: pid=675853 execve detected, initial=1, detached=0, redirected=0, post_redirect=0
[16:47:53] DFA: command='sh -c tsx /home/panz/github_clones/pi-mono/packages/coding-agent/src/cli.ts' result=ASK
[16:47:53] HANDLER: pid=675853 DFA result=2, asking server for decision on 'sh -c tsx /home/panz/github_clones/pi-mono/packages/coding-agent/src/cli.ts'
[16:47:54] JUDGE: ALLOW for 'sh -c tsx /home/panz/github_clones/pi-mono/packages/coding-agent/src/cli.ts'
[16:47:54] JUDGE: pid=675853 command='sh -c tsx /home/panz/github_clones/pi-mono/packages/coding-agent/src/cli.ts' decision=0
[16:47:54] HANDLER: pid=675853 server allowed command 'sh -c tsx /home/panz/github_clones/pi-mono/packages/coding-agent/src/cli.ts', continuing to trace
[16:47:54] HANDLER: pid=675853 execve detected, initial=1, detached=0, redirected=0, post_redirect=0
[16:47:54] DFA: command='sh -c tsx /home/panz/github_clones/pi-mono/packages/coding-agent/src/cli.ts' result=ASK
[16:47:54] HANDLER: pid=675853 DFA result=2, asking server for decision on 'sh -c tsx /home/panz/github_clones/pi-mono/packages/coding-agent/src/cli.ts'
[16:47:54] JUDGE: ALLOW for 'sh -c tsx /home/panz/github_clones/pi-mono/packages/coding-agent/src/cli.ts'
[16:47:54] JUDGE: pid=675853 command='sh -c tsx /home/panz/github_clones/pi-mono/packages/coding-agent/src/cli.ts' decision=0
[16:47:54] HANDLER: pid=675853 server allowed command 'sh -c tsx /home/panz/github_clones/pi-mono/packages/coding-agent/src/cli.ts', continuing to trace
[16:47:54] HANDLER: pid=675853 execve detected, initial=1, detached=0, redirected=0, post_redirect=0
[16:47:54] DFA: command='sh -c tsx /home/panz/github_clones/pi-mono/packages/coding-agent/src/cli.ts' result=ASK
[16:47:54] HANDLER: pid=675853 DFA result=2, asking server for decision on 'sh -c tsx /home/panz/github_clones/pi-mono/packages/coding-agent/src/cli.ts'
[16:47:55] JUDGE: ALLOW for 'sh -c tsx /home/panz/github_clones/pi-mono/packages/coding-agent/src/cli.ts'
[16:47:55] JUDGE: pid=675853 command='sh -c tsx /home/panz/github_clones/pi-mono/packages/coding-agent/src/cli.ts' decision=0
[16:47:55] HANDLER: pid=675853 server allowed command 'sh -c tsx /home/panz/github_clones/pi-mono/packages/coding-agent/src/cli.ts', continuing to trace
[16:47:55] PARENT: pid=675853 (/usr/bin/dash) fork/clone, resuming child 676014
[16:47:55] HANDLER: pid=676014 execve detected, initial=0, detached=0, redirected=0, post_redirect=0
[16:47:55] DFA: command='tsx /home/panz/github_clones/pi-mono/packages/coding-agent/src/cli.ts' result=ASK
[16:47:55] HANDLER: pid=676014 DFA result=2, asking server for decision on 'tsx /home/panz/github_clones/pi-mono/packages/coding-agent/src/cli.ts'
[16:47:56] JUDGE: ALLOW for 'tsx /home/panz/github_clones/pi-mono/packages/coding-agent/src/cli.ts'
[16:47:56] JUDGE: pid=676014 command='tsx /home/panz/github_clones/pi-mono/packages/coding-agent/src/cli.ts' decision=0
[16:47:56] HANDLER: pid=676014 server allowed command 'tsx /home/panz/github_clones/pi-mono/packages/coding-agent/src/cli.ts', continuing to trace
[16:47:56] HANDLER: pid=676014 execve detected, initial=1, detached=0, redirected=0, post_redirect=0
[16:47:56] DFA: command='node /home/panz/.npm/_npx/fd45a72a545557e9/node_modules/.bin/tsx /home/panz/github_clones/pi-mono/packages/coding-agent/src/cli.ts' result=ASK
[16:47:56] HANDLER: pid=676014 DFA result=2, asking server for decision on 'node /home/panz/.npm/_npx/fd45a72a545557e9/node_modules/.bin/tsx /home/panz/github_clones/pi-mono/packages/coding-agent/src/cli.ts'
[16:47:56] JUDGE: ALLOW for 'node /home/panz/.npm/_npx/fd45a72a545557e9/node_modules/.bin/tsx /home/panz/github_clones/pi-mono/packages/coding-agent/src/cli.ts'
[16:47:56] JUDGE: pid=676014 command='node /home/panz/.npm/_npx/fd45a72a545557e9/node_modules/.bin/tsx /home/panz/github_clones/pi-mono/packages/coding-agent/src/cli.ts' decision=0
[16:47:56] HANDLER: pid=676014 server allowed command 'node /home/panz/.npm/_npx/fd45a72a545557e9/node_modules/.bin/tsx /home/panz/github_clones/pi-mono/packages/coding-agent/src/cli.ts', continuing to trace
[16:47:56] HANDLER: pid=676014 execve detected, initial=1, detached=0, redirected=0, post_redirect=0
[16:47:56] DFA: command='node /home/panz/.npm/_npx/fd45a72a545557e9/node_modules/.bin/tsx /home/panz/github_clones/pi-mono/packages/coding-agent/src/cli.ts' result=ASK
[16:47:56] HANDLER: pid=676014 DFA result=2, asking server for decision on 'node /home/panz/.npm/_npx/fd45a72a545557e9/node_modules/.bin/tsx /home/panz/github_clones/pi-mono/packages/coding-agent/src/cli.ts'
[16:47:57] JUDGE: ALLOW for 'node /home/panz/.npm/_npx/fd45a72a545557e9/node_modules/.bin/tsx /home/panz/github_clones/pi-mono/packages/coding-agent/src/cli.ts'
[16:47:57] JUDGE: pid=676014 command='node /home/panz/.npm/_npx/fd45a72a545557e9/node_modules/.bin/tsx /home/panz/github_clones/pi-mono/packages/coding-agent/src/cli.ts' decision=0
[16:47:57] HANDLER: pid=676014 server allowed command 'node /home/panz/.npm/_npx/fd45a72a545557e9/node_modules/.bin/tsx /home/panz/github_clones/pi-mono/packages/coding-agent/src/cli.ts', continuing to trace
[16:47:57] HANDLER: pid=676014 execve detected, initial=1, detached=0, redirected=0, post_redirect=0
[16:47:57] DFA: command='node /home/panz/.npm/_npx/fd45a72a545557e9/node_modules/.bin/tsx /home/panz/github_clones/pi-mono/packages/coding-agent/src/cli.ts' result=ASK
[16:47:57] HANDLER: pid=676014 DFA result=2, asking server for decision on 'node /home/panz/.npm/_npx/fd45a72a545557e9/node_modules/.bin/tsx /home/panz/github_clones/pi-mono/packages/coding-agent/src/cli.ts'
[16:47:58] JUDGE: ALLOW for 'node /home/panz/.npm/_npx/fd45a72a545557e9/node_modules/.bin/tsx /home/panz/github_clones/pi-mono/packages/coding-agent/src/cli.ts'
[16:47:58] JUDGE: pid=676014 command='node /home/panz/.npm/_npx/fd45a72a545557e9/node_modules/.bin/tsx /home/panz/github_clones/pi-mono/packages/coding-agent/src/cli.ts' decision=0
[16:47:58] HANDLER: pid=676014 server allowed command 'node /home/panz/.npm/_npx/fd45a72a545557e9/node_modules/.bin/tsx /home/panz/github_clones/pi-mono/packages/coding-agent/src/cli.ts', continuing to trace
[16:47:58] HANDLER: pid=676014 execve detected, initial=1, detached=0, redirected=0, post_redirect=0
[16:47:58] DFA: command='node /home/panz/.npm/_npx/fd45a72a545557e9/node_modules/.bin/tsx /home/panz/github_clones/pi-mono/packages/coding-agent/src/cli.ts' result=ASK
[16:47:58] HANDLER: pid=676014 DFA result=2, asking server for decision on 'node /home/panz/.npm/_npx/fd45a72a545557e9/node_modules/.bin/tsx /home/panz/github_clones/pi-mono/packages/coding-agent/src/cli.ts'
[16:47:58] JUDGE: ALLOW for 'node /home/panz/.npm/_npx/fd45a72a545557e9/node_modules/.bin/tsx /home/panz/github_clones/pi-mono/packages/coding-agent/src/cli.ts'
[16:47:58] JUDGE: pid=676014 command='node /home/panz/.npm/_npx/fd45a72a545557e9/node_modules/.bin/tsx /home/panz/github_clones/pi-mono/packages/coding-agent/src/cli.ts' decision=0
[16:47:58] HANDLER: pid=676014 server allowed command 'node /home/panz/.npm/_npx/fd45a72a545557e9/node_modules/.bin/tsx /home/panz/github_clones/pi-mono/packages/coding-agent/src/cli.ts', continuing to trace
[16:47:58] HANDLER: pid=676014 execve detected, initial=1, detached=0, redirected=0, post_redirect=0
[16:47:58] DFA: command='node /home/panz/.npm/_npx/fd45a72a545557e9/node_modules/.bin/tsx /home/panz/github_clones/pi-mono/packages/coding-agent/src/cli.ts' result=ASK
[16:47:58] HANDLER: pid=676014 DFA result=2, asking server for decision on 'node /home/panz/.npm/_npx/fd45a72a545557e9/node_modules/.bin/tsx /home/panz/github_clones/pi-mono/packages/coding-agent/src/cli.ts'
[16:47:59] JUDGE: ALLOW for 'node /home/panz/.npm/_npx/fd45a72a545557e9/node_modules/.bin/tsx /home/panz/github_clones/pi-mono/packages/coding-agent/src/cli.ts'
[16:47:59] JUDGE: pid=676014 command='node /home/panz/.npm/_npx/fd45a72a545557e9/node_modules/.bin/tsx /home/panz/github_clones/pi-mono/packages/coding-agent/src/cli.ts' decision=0
[16:47:59] HANDLER: pid=676014 server allowed command 'node /home/panz/.npm/_npx/fd45a72a545557e9/node_modules/.bin/tsx /home/panz/github_clones/pi-mono/packages/coding-agent/src/cli.ts', continuing to trace
[16:47:59] HANDLER: pid=676014 execve detected, initial=1, detached=0, redirected=0, post_redirect=0
[16:47:59] DFA: command='node /home/panz/.npm/_npx/fd45a72a545557e9/node_modules/.bin/tsx /home/panz/github_clones/pi-mono/packages/coding-agent/src/cli.ts' result=ASK
[16:47:59] HANDLER: pid=676014 DFA result=2, asking server for decision on 'node /home/panz/.npm/_npx/fd45a72a545557e9/node_modules/.bin/tsx /home/panz/github_clones/pi-mono/packages/coding-agent/src/cli.ts'
[16:48:00] JUDGE: ALLOW for 'node /home/panz/.npm/_npx/fd45a72a545557e9/node_modules/.bin/tsx /home/panz/github_clones/pi-mono/packages/coding-agent/src/cli.ts'
[16:48:00] JUDGE: pid=676014 command='node /home/panz/.npm/_npx/fd45a72a545557e9/node_modules/.bin/tsx /home/panz/github_clones/pi-mono/packages/coding-agent/src/cli.ts' decision=0
[16:48:00] HANDLER: pid=676014 server allowed command 'node /home/panz/.npm/_npx/fd45a72a545557e9/node_modules/.bin/tsx /home/panz/github_clones/pi-mono/packages/coding-agent/src/cli.ts', continuing to trace
[16:48:00] HANDLER: pid=676014 execve detected, initial=1, detached=0, redirected=0, post_redirect=0
[16:48:00] DFA: command='node /home/panz/.npm/_npx/fd45a72a545557e9/node_modules/.bin/tsx /home/panz/github_clones/pi-mono/packages/coding-agent/src/cli.ts' result=ASK
[16:48:00] HANDLER: pid=676014 DFA result=2, asking server for decision on 'node /home/panz/.npm/_npx/fd45a72a545557e9/node_modules/.bin/tsx /home/panz/github_clones/pi-mono/packages/coding-agent/src/cli.ts'
[16:48:01] JUDGE: ALLOW for 'node /home/panz/.npm/_npx/fd45a72a545557e9/node_modules/.bin/tsx /home/panz/github_clones/pi-mono/packages/coding-agent/src/cli.ts'
[16:48:01] JUDGE: pid=676014 command='node /home/panz/.npm/_npx/fd45a72a545557e9/node_modules/.bin/tsx /home/panz/github_clones/pi-mono/packages/coding-agent/src/cli.ts' decision=0
[16:48:01] HANDLER: pid=676014 server allowed command 'node /home/panz/.npm/_npx/fd45a72a545557e9/node_modules/.bin/tsx /home/panz/github_clones/pi-mono/packages/coding-agent/src/cli.ts', continuing to trace
[16:48:01] HANDLER: pid=676014 execve detected, initial=1, detached=0, redirected=0, post_redirect=0
[16:48:01] DFA: command='node /home/panz/.npm/_npx/fd45a72a545557e9/node_modules/.bin/tsx /home/panz/github_clones/pi-mono/packages/coding-agent/src/cli.ts' result=ASK
[16:48:01] HANDLER: pid=676014 DFA result=2, asking server for decision on 'node /home/panz/.npm/_npx/fd45a72a545557e9/node_modules/.bin/tsx /home/panz/github_clones/pi-mono/packages/coding-agent/src/cli.ts'
[16:48:01] JUDGE: ALLOW for 'node /home/panz/.npm/_npx/fd45a72a545557e9/node_modules/.bin/tsx /home/panz/github_clones/pi-mono/packages/coding-agent/src/cli.ts'
[16:48:01] JUDGE: pid=676014 command='node /home/panz/.npm/_npx/fd45a72a545557e9/node_modules/.bin/tsx /home/panz/github_clones/pi-mono/packages/coding-agent/src/cli.ts' decision=0
[16:48:01] HANDLER: pid=676014 server allowed command 'node /home/panz/.npm/_npx/fd45a72a545557e9/node_modules/.bin/tsx /home/panz/github_clones/pi-mono/packages/coding-agent/src/cli.ts', continuing to trace
[16:48:01] HANDLER: pid=676014 execve detected, initial=1, detached=0, redirected=0, post_redirect=0
[16:48:01] DFA: command='node /home/panz/.npm/_npx/fd45a72a545557e9/node_modules/.bin/tsx /home/panz/github_clones/pi-mono/packages/coding-agent/src/cli.ts' result=ASK
[16:48:01] HANDLER: pid=676014 DFA result=2, asking server for decision on 'node /home/panz/.npm/_npx/fd45a72a545557e9/node_modules/.bin/tsx /home/panz/github_clones/pi-mono/packages/coding-agent/src/cli.ts'
[16:48:01] JUDGE: ALLOW for 'node /home/panz/.npm/_npx/fd45a72a545557e9/node_modules/.bin/tsx /home/panz/github_clones/pi-mono/packages/coding-agent/src/cli.ts'
[16:48:01] JUDGE: pid=676014 command='node /home/panz/.npm/_npx/fd45a72a545557e9/node_modules/.bin/tsx /home/panz/github_clones/pi-mono/packages/coding-agent/src/cli.ts' decision=0
[16:48:01] HANDLER: pid=676014 server allowed command 'node /home/panz/.npm/_npx/fd45a72a545557e9/node_modules/.bin/tsx /home/panz/github_clones/pi-mono/packages/coding-agent/src/cli.ts', continuing to trace
[16:48:01] HANDLER: pid=676014 execve detected, initial=1, detached=0, redirected=0, post_redirect=0
[16:48:01] DFA: command='node /home/panz/.npm/_npx/fd45a72a545557e9/node_modules/.bin/tsx /home/panz/github_clones/pi-mono/packages/coding-agent/src/cli.ts' result=ASK
[16:48:01] HANDLER: pid=676014 DFA result=2, asking server for decision on 'node /home/panz/.npm/_npx/fd45a72a545557e9/node_modules/.bin/tsx /home/panz/github_clones/pi-mono/packages/coding-agent/src/cli.ts'
[16:48:01] JUDGE: ALLOW for 'node /home/panz/.npm/_npx/fd45a72a545557e9/node_modules/.bin/tsx /home/panz/github_clones/pi-mono/packages/coding-agent/src/cli.ts'
[16:48:01] JUDGE: pid=676014 command='node /home/panz/.npm/_npx/fd45a72a545557e9/node_modules/.bin/tsx /home/panz/github_clones/pi-mono/packages/coding-agent/src/cli.ts' decision=0
[16:48:01] HANDLER: pid=676014 server allowed command 'node /home/panz/.npm/_npx/fd45a72a545557e9/node_modules/.bin/tsx /home/panz/github_clones/pi-mono/packages/coding-agent/src/cli.ts', continuing to trace
[16:48:01] HANDLER: pid=676014 execve detected, initial=1, detached=0, redirected=0, post_redirect=0
[16:48:01] DFA: command='node /home/panz/.npm/_npx/fd45a72a545557e9/node_modules/.bin/tsx /home/panz/github_clones/pi-mono/packages/coding-agent/src/cli.ts' result=ASK
[16:48:01] HANDLER: pid=676014 DFA result=2, asking server for decision on 'node /home/panz/.npm/_npx/fd45a72a545557e9/node_modules/.bin/tsx /home/panz/github_clones/pi-mono/packages/coding-agent/src/cli.ts'
[16:48:01] JUDGE: ALLOW for 'node /home/panz/.npm/_npx/fd45a72a545557e9/node_modules/.bin/tsx /home/panz/github_clones/pi-mono/packages/coding-agent/src/cli.ts'
[16:48:01] JUDGE: pid=676014 command='node /home/panz/.npm/_npx/fd45a72a545557e9/node_modules/.bin/tsx /home/panz/github_clones/pi-mono/packages/coding-agent/src/cli.ts' decision=0
[16:48:01] HANDLER: pid=676014 server allowed command 'node /home/panz/.npm/_npx/fd45a72a545557e9/node_modules/.bin/tsx /home/panz/github_clones/pi-mono/packages/coding-agent/src/cli.ts', continuing to trace
[16:48:01] HANDLER: pid=676014 execve detected, initial=1, detached=0, redirected=0, post_redirect=0
[16:48:01] DFA: command='node /home/panz/.npm/_npx/fd45a72a545557e9/node_modules/.bin/tsx /home/panz/github_clones/pi-mono/packages/coding-agent/src/cli.ts' result=ASK
[16:48:01] HANDLER: pid=676014 DFA result=2, asking server for decision on 'node /home/panz/.npm/_npx/fd45a72a545557e9/node_modules/.bin/tsx /home/panz/github_clones/pi-mono/packages/coding-agent/src/cli.ts'
[16:48:01] JUDGE: ALLOW for 'node /home/panz/.npm/_npx/fd45a72a545557e9/node_modules/.bin/tsx /home/panz/github_clones/pi-mono/packages/coding-agent/src/cli.ts'
[16:48:01] JUDGE: pid=676014 command='node /home/panz/.npm/_npx/fd45a72a545557e9/node_modules/.bin/tsx /home/panz/github_clones/pi-mono/packages/coding-agent/src/cli.ts' decision=0
[16:48:01] HANDLER: pid=676014 server allowed command 'node /home/panz/.npm/_npx/fd45a72a545557e9/node_modules/.bin/tsx /home/panz/github_clones/pi-mono/packages/coding-agent/src/cli.ts', continuing to trace
[16:48:01] HANDLER: pid=676014 execve detected, initial=1, detached=0, redirected=0, post_redirect=0
[16:48:01] DFA: command='node /home/panz/.npm/_npx/fd45a72a545557e9/node_modules/.bin/tsx /home/panz/github_clones/pi-mono/packages/coding-agent/src/cli.ts' result=ASK
[16:48:01] HANDLER: pid=676014 DFA result=2, asking server for decision on 'node /home/panz/.npm/_npx/fd45a72a545557e9/node_modules/.bin/tsx /home/panz/github_clones/pi-mono/packages/coding-agent/src/cli.ts'
[16:48:01] JUDGE: ALLOW for 'node /home/panz/.npm/_npx/fd45a72a545557e9/node_modules/.bin/tsx /home/panz/github_clones/pi-mono/packages/coding-agent/src/cli.ts'
[16:48:01] JUDGE: pid=676014 command='node /home/panz/.npm/_npx/fd45a72a545557e9/node_modules/.bin/tsx /home/panz/github_clones/pi-mono/packages/coding-agent/src/cli.ts' decision=0
[16:48:01] HANDLER: pid=676014 server allowed command 'node /home/panz/.npm/_npx/fd45a72a545557e9/node_modules/.bin/tsx /home/panz/github_clones/pi-mono/packages/coding-agent/src/cli.ts', continuing to trace
[16:48:01] PARENT: pid=676014 (/usr/bin/node) fork/clone, resuming child 676148
[16:48:01] PARENT: pid=676014 (/usr/bin/node) fork/clone, resuming child 676149
[16:48:01] PARENT: pid=676014 (/usr/bin/node) fork/clone, resuming child 676150
[16:48:01] PARENT: pid=676014 (/usr/bin/node) fork/clone, resuming child 676151
[16:48:01] PARENT: pid=676014 (/usr/bin/node) fork/clone, resuming child 676152
[16:48:01] PARENT: pid=676014 (/usr/bin/node) fork/clone, resuming child 676153
[16:48:01] PARENT: pid=676014 (/usr/bin/node) fork/clone, resuming child 676154
[16:48:01] PARENT: pid=676014 (/usr/bin/node) fork/clone, resuming child 676155
[16:48:01] PARENT: pid=676014 (/usr/bin/node) fork/clone, resuming child 676156
[16:48:01] PARENT: pid=676014 (/usr/bin/node) fork/clone, resuming child 676157
[16:48:01] PARENT: pid=676014 (/usr/bin/node) fork/clone, resuming child 676158
[16:48:01] HANDLER: pid=676158 execve detected, initial=0, detached=0, redirected=0, post_redirect=0
[16:48:01] DFA: command='/usr/bin/node --require /home/panz/.npm/_npx/fd45a72a545557e9/node_modules/tsx/dist/preflight.cjs --import file:///home/panz/.npm/_npx/fd45a72a545557e9/node_modules/tsx/dist/loader.mjs /home/panz/github_clones/pi-mono/packages/coding-agent/src/cli.ts' result=ASK
[16:48:01] HANDLER: pid=676158 DFA result=2, asking server for decision on '/usr/bin/node --require /home/panz/.npm/_npx/fd45a72a545557e9/node_modules/tsx/dist/preflight.cjs --import file:///home/panz/.npm/_npx/fd45a72a545557e9/node_modules/tsx/dist/loader.mjs /home/panz/github_clones/pi-mono/packages/coding-agent/src/cli.ts'
[16:48:03] JUDGE: ALLOW for '/usr/bin/node --require /home/panz/.npm/_npx/fd45a72a545557e9/node_modules/tsx/dist/preflight.cjs --import file:///home/panz/.npm/_npx/fd45a72a545557e9/node_modules/tsx/dist/loader.mjs /home/panz/github_clones/pi-mono/packages/coding-agent/src/cli.ts'
[16:48:03] JUDGE: pid=676158 command='/usr/bin/node --require /home/panz/.npm/_npx/fd45a72a545557e9/node_modules/tsx/dist/preflight.cjs --import file:///home/panz/.npm/_npx/fd45a72a545557e9/node_modules/tsx/dist/loader.mjs /home/panz/github_clones/pi-mono/packages/coding-agent/src/cli.ts' decision=0
[16:48:03] HANDLER: pid=676158 server allowed command '/usr/bin/node --require /home/panz/.npm/_npx/fd45a72a545557e9/node_modules/tsx/dist/preflight.cjs --import file:///home/panz/.npm/_npx/fd45a72a545557e9/node_modules/tsx/dist/loader.mjs /home/panz/github_clones/pi-mono/packages/coding-agent/src/cli.ts', continuing to trace
[16:48:03] PARENT: pid=676158 (/usr/bin/node) fork/clone, resuming child 676176
[16:48:03] PARENT: pid=676158 (/usr/bin/node) fork/clone, resuming child 676177
[16:48:03] PARENT: pid=676158 (/usr/bin/node) fork/clone, resuming child 676178
[16:48:03] PARENT: pid=676158 (/usr/bin/node) fork/clone, resuming child 676179
[16:48:03] PARENT: pid=676158 (/usr/bin/node) fork/clone, resuming child 676180
[16:48:03] PARENT: pid=676158 (/usr/bin/node) fork/clone, resuming child 676181
[16:48:03] PARENT: pid=676158 (/usr/bin/node) fork/clone, resuming child 676182
[16:48:03] PARENT: pid=676158 (/usr/bin/node) fork/clone, resuming child 676183
[16:48:03] PARENT: child 676183 SETOPTIONS failed: No such process
[16:48:03] PARENT: pid=676158 (/usr/bin/node) fork/clone, resuming child 676184
[16:48:03] PARENT: pid=676158 (/usr/bin/node) fork/clone, resuming child 676185
[16:48:03] PARENT: pid=676158 (/usr/bin/node) fork/clone, resuming child 676186
